<?xml version="1.0" encoding="UTF-8"?>
<!-- Generated by org.testng.reporters.JUnitReportReporter -->
<testsuite skipped="0" hostname="ARPF1YW7T8" name="pruebas.Laboratorio4E1" tests="4" failures="0" timestamp="2020-05-20T21:05:43 ART" time="8.359" errors="0">
  <testcase name="f" time="1.372" classname="pruebas.Laboratorio4E1"/>
  <system-out/>
  <testcase name="ingreso" time="2.469" classname="pruebas.Laboratorio4E1"/>
  <system-out/>
  <testcase name="ingreso" time="2.272" classname="pruebas.Laboratorio4E1"/>
  <system-out/>
  <testcase name="ingreso" time="2.246" classname="pruebas.Laboratorio4E1"/>
  <system-out/>
</testsuite> <!-- pruebas.Laboratorio4E1 -->
