<?xml version="1.0" encoding="UTF-8"?>
<!-- Generated by org.testng.reporters.JUnitReportReporter -->
<testsuite skipped="0" hostname="ARPF1YW7T8" name="pruebas.Laboratorio3_E2" tests="2" failures="0" timestamp="2020-05-20T18:15:00 ART" time="5.103" errors="0">
  <testcase name="f" time="2.166" classname="pruebas.Laboratorio3_E2"/>
  <system-out/>
  <testcase name="ingreso" time="2.937" classname="pruebas.Laboratorio3_E2"/>
  <system-out/>
</testsuite> <!-- pruebas.Laboratorio3_E2 -->
